{"C:\\Users\\War\\Desktop\\c++_projects\\project_code\\src\\TestParser.ts": {"path":"C:\\Users\\War\\Desktop\\c++_projects\\project_code\\src\\TestParser.ts","statementMap":{"0":{"start":{"line":1,"column":0},"end":{"line":1,"column":25}},"1":{"start":{"line":8,"column":8},"end":{"line":22,"column":9}},"2":{"start":{"line":10,"column":25},"end":{"line":10,"column":59}},"3":{"start":{"line":13,"column":25},"end":{"line":13,"column":98}},"4":{"start":{"line":13,"column":54},"end":{"line":13,"column":65}},"5":{"start":{"line":13,"column":82},"end":{"line":13,"column":97}},"6":{"start":{"line":16,"column":12},"end":{"line":18,"column":15}},"7":{"start":{"line":17,"column":16},"end":{"line":17,"column":42}},"8":{"start":{"line":21,"column":12},"end":{"line":21,"column":58}},"9":{"start":{"line":4,"column":0},"end":{"line":4,"column":13}}},"fnMap":{"0":{"name":"(anonymous_13)","decl":{"start":{"line":7,"column":17},"end":{"line":7,"column":36}},"loc":{"start":{"line":7,"column":100},"end":{"line":23,"column":null}}},"1":{"name":"(anonymous_15)","decl":{"start":{"line":13,"column":46},"end":{"line":13,"column":50}},"loc":{"start":{"line":13,"column":54},"end":{"line":13,"column":65}}},"2":{"name":"(anonymous_16)","decl":{"start":{"line":13,"column":74},"end":{"line":13,"column":78}},"loc":{"start":{"line":13,"column":82},"end":{"line":13,"column":97}}},"3":{"name":"(anonymous_17)","decl":{"start":{"line":16,"column":25},"end":{"line":16,"column":26}},"loc":{"start":{"line":16,"column":40},"end":{"line":18,"column":13}}}},"branchMap":{},"s":{"0":1,"1":1,"2":1,"3":0,"4":0,"5":0,"6":0,"7":0,"8":1,"9":1},"f":{"0":1,"1":0,"2":0,"3":0},"b":{}}
}
