{"C:\\Users\\DarkMeadow\\Documents\\GitHub\\CS45000-ECE46100\\out\\BusFactor.js": {"path":"C:\\Users\\DarkMeadow\\Documents\\GitHub\\CS45000-ECE46100\\out\\BusFactor.js","statementMap":{"0":{"start":{"line":2,"column":16},"end":{"line":10,"column":1}},"1":{"start":{"line":3,"column":28},"end":{"line":3,"column":110}},"2":{"start":{"line":3,"column":91},"end":{"line":3,"column":106}},"3":{"start":{"line":4,"column":4},"end":{"line":9,"column":7}},"4":{"start":{"line":5,"column":36},"end":{"line":5,"column":97}},"5":{"start":{"line":5,"column":42},"end":{"line":5,"column":70}},"6":{"start":{"line":5,"column":85},"end":{"line":5,"column":95}},"7":{"start":{"line":6,"column":35},"end":{"line":6,"column":100}},"8":{"start":{"line":6,"column":41},"end":{"line":6,"column":73}},"9":{"start":{"line":6,"column":88},"end":{"line":6,"column":98}},"10":{"start":{"line":7,"column":32},"end":{"line":7,"column":116}},"11":{"start":{"line":8,"column":8},"end":{"line":8,"column":78}},"12":{"start":{"line":11,"column":22},"end":{"line":13,"column":1}},"13":{"start":{"line":12,"column":4},"end":{"line":12,"column":62}},"14":{"start":{"line":14,"column":0},"end":{"line":14,"column":62}},"15":{"start":{"line":15,"column":0},"end":{"line":15,"column":36}},"16":{"start":{"line":32,"column":16},"end":{"line":32,"column":49}},"17":{"start":{"line":33,"column":17},"end":{"line":33,"column":51}},"18":{"start":{"line":34,"column":16},"end":{"line":34,"column":49}},"19":{"start":{"line":36,"column":0},"end":{"line":36,"column":26}},"20":{"start":{"line":38,"column":14},"end":{"line":38,"column":38}},"21":{"start":{"line":39,"column":28},"end":{"line":39,"column":52}},"22":{"start":{"line":40,"column":21},"end":{"line":40,"column":77}},"23":{"start":{"line":42,"column":24},"end":{"line":42,"column":26}},"24":{"start":{"line":45,"column":4},"end":{"line":82,"column":7}},"25":{"start":{"line":46,"column":8},"end":{"line":81,"column":9}},"26":{"start":{"line":47,"column":33},"end":{"line":47,"column":42}},"27":{"start":{"line":48,"column":23},"end":{"line":48,"column":24}},"28":{"start":{"line":50,"column":12},"end":{"line":75,"column":13}},"29":{"start":{"line":51,"column":33},"end":{"line":60,"column":18}},"30":{"start":{"line":61,"column":32},"end":{"line":61,"column":45}},"31":{"start":{"line":63,"column":16},"end":{"line":64,"column":26}},"32":{"start":{"line":64,"column":20},"end":{"line":64,"column":26}},"33":{"start":{"line":66,"column":16},"end":{"line":70,"column":19}},"34":{"start":{"line":67,"column":20},"end":{"line":69,"column":21}},"35":{"start":{"line":68,"column":24},"end":{"line":68,"column":62}},"36":{"start":{"line":72,"column":16},"end":{"line":73,"column":26}},"37":{"start":{"line":73,"column":20},"end":{"line":73,"column":26}},"38":{"start":{"line":74,"column":16},"end":{"line":74,"column":23}},"39":{"start":{"line":76,"column":12},"end":{"line":76,"column":32}},"40":{"start":{"line":80,"column":12},"end":{"line":80,"column":24}},"41":{"start":{"line":86,"column":4},"end":{"line":86,"column":56}},"42":{"start":{"line":90,"column":4},"end":{"line":100,"column":7}},"43":{"start":{"line":91,"column":29},"end":{"line":91,"column":58}},"44":{"start":{"line":92,"column":8},"end":{"line":95,"column":9}},"45":{"start":{"line":94,"column":12},"end":{"line":94,"column":21}},"46":{"start":{"line":97,"column":26},"end":{"line":97,"column":58}},"47":{"start":{"line":99,"column":8},"end":{"line":99,"column":25}}},"fnMap":{"0":{"name":"(anonymous_0)","decl":{"start":{"line":2,"column":44},"end":{"line":2,"column":45}},"loc":{"start":{"line":2,"column":89},"end":{"line":10,"column":1}},"line":2},"1":{"name":"adopt","decl":{"start":{"line":3,"column":13},"end":{"line":3,"column":18}},"loc":{"start":{"line":3,"column":26},"end":{"line":3,"column":112}},"line":3},"2":{"name":"(anonymous_2)","decl":{"start":{"line":3,"column":70},"end":{"line":3,"column":71}},"loc":{"start":{"line":3,"column":89},"end":{"line":3,"column":108}},"line":3},"3":{"name":"(anonymous_3)","decl":{"start":{"line":4,"column":36},"end":{"line":4,"column":37}},"loc":{"start":{"line":4,"column":63},"end":{"line":9,"column":5}},"line":4},"4":{"name":"fulfilled","decl":{"start":{"line":5,"column":17},"end":{"line":5,"column":26}},"loc":{"start":{"line":5,"column":34},"end":{"line":5,"column":99}},"line":5},"5":{"name":"rejected","decl":{"start":{"line":6,"column":17},"end":{"line":6,"column":25}},"loc":{"start":{"line":6,"column":33},"end":{"line":6,"column":102}},"line":6},"6":{"name":"step","decl":{"start":{"line":7,"column":17},"end":{"line":7,"column":21}},"loc":{"start":{"line":7,"column":30},"end":{"line":7,"column":118}},"line":7},"7":{"name":"(anonymous_7)","decl":{"start":{"line":11,"column":56},"end":{"line":11,"column":57}},"loc":{"start":{"line":11,"column":71},"end":{"line":13,"column":1}},"line":11},"8":{"name":"getCommits","decl":{"start":{"line":44,"column":9},"end":{"line":44,"column":19}},"loc":{"start":{"line":44,"column":33},"end":{"line":83,"column":1}},"line":44},"9":{"name":"(anonymous_9)","decl":{"start":{"line":45,"column":43},"end":{"line":45,"column":44}},"loc":{"start":{"line":45,"column":56},"end":{"line":82,"column":5}},"line":45},"10":{"name":"(anonymous_10)","decl":{"start":{"line":66,"column":32},"end":{"line":66,"column":33}},"loc":{"start":{"line":66,"column":44},"end":{"line":70,"column":17}},"line":66},"11":{"name":"calculateBusFactor","decl":{"start":{"line":85,"column":9},"end":{"line":85,"column":27}},"loc":{"start":{"line":85,"column":42},"end":{"line":87,"column":1}},"line":85},"12":{"name":"getBusFactor","decl":{"start":{"line":89,"column":9},"end":{"line":89,"column":21}},"loc":{"start":{"line":89,"column":35},"end":{"line":101,"column":1}},"line":89},"13":{"name":"(anonymous_13)","decl":{"start":{"line":90,"column":43},"end":{"line":90,"column":44}},"loc":{"start":{"line":90,"column":56},"end":{"line":100,"column":5}},"line":90}},"branchMap":{"0":{"loc":{"start":{"line":2,"column":16},"end":{"line":10,"column":1}},"type":"binary-expr","locations":[{"start":{"line":2,"column":17},"end":{"line":2,"column":21}},{"start":{"line":2,"column":25},"end":{"line":2,"column":39}},{"start":{"line":2,"column":44},"end":{"line":10,"column":1}}],"line":2},"1":{"loc":{"start":{"line":3,"column":35},"end":{"line":3,"column":109}},"type":"cond-expr","locations":[{"start":{"line":3,"column":56},"end":{"line":3,"column":61}},{"start":{"line":3,"column":64},"end":{"line":3,"column":109}}],"line":3},"2":{"loc":{"start":{"line":4,"column":16},"end":{"line":4,"column":34}},"type":"binary-expr","locations":[{"start":{"line":4,"column":16},"end":{"line":4,"column":17}},{"start":{"line":4,"column":22},"end":{"line":4,"column":33}}],"line":4},"3":{"loc":{"start":{"line":7,"column":32},"end":{"line":7,"column":115}},"type":"cond-expr","locations":[{"start":{"line":7,"column":46},"end":{"line":7,"column":67}},{"start":{"line":7,"column":70},"end":{"line":7,"column":115}}],"line":7},"4":{"loc":{"start":{"line":8,"column":51},"end":{"line":8,"column":67}},"type":"binary-expr","locations":[{"start":{"line":8,"column":51},"end":{"line":8,"column":61}},{"start":{"line":8,"column":65},"end":{"line":8,"column":67}}],"line":8},"5":{"loc":{"start":{"line":11,"column":22},"end":{"line":13,"column":1}},"type":"binary-expr","locations":[{"start":{"line":11,"column":23},"end":{"line":11,"column":27}},{"start":{"line":11,"column":31},"end":{"line":11,"column":51}},{"start":{"line":11,"column":56},"end":{"line":13,"column":1}}],"line":11},"6":{"loc":{"start":{"line":12,"column":11},"end":{"line":12,"column":61}},"type":"cond-expr","locations":[{"start":{"line":12,"column":37},"end":{"line":12,"column":40}},{"start":{"line":12,"column":43},"end":{"line":12,"column":61}}],"line":12},"7":{"loc":{"start":{"line":12,"column":12},"end":{"line":12,"column":33}},"type":"binary-expr","locations":[{"start":{"line":12,"column":12},"end":{"line":12,"column":15}},{"start":{"line":12,"column":19},"end":{"line":12,"column":33}}],"line":12},"8":{"loc":{"start":{"line":63,"column":16},"end":{"line":64,"column":26}},"type":"if","locations":[{"start":{"line":63,"column":16},"end":{"line":64,"column":26}},{"start":{},"end":{}}],"line":63},"9":{"loc":{"start":{"line":67,"column":20},"end":{"line":69,"column":21}},"type":"if","locations":[{"start":{"line":67,"column":20},"end":{"line":69,"column":21}},{"start":{},"end":{}}],"line":67},"10":{"loc":{"start":{"line":67,"column":24},"end":{"line":67,"column":60}},"type":"binary-expr","locations":[{"start":{"line":67,"column":24},"end":{"line":67,"column":37}},{"start":{"line":67,"column":41},"end":{"line":67,"column":60}}],"line":67},"11":{"loc":{"start":{"line":72,"column":16},"end":{"line":73,"column":26}},"type":"if","locations":[{"start":{"line":72,"column":16},"end":{"line":73,"column":26}},{"start":{},"end":{}}],"line":72},"12":{"loc":{"start":{"line":92,"column":8},"end":{"line":95,"column":9}},"type":"if","locations":[{"start":{"line":92,"column":8},"end":{"line":95,"column":9}},{"start":{},"end":{}}],"line":92}},"s":{"0":1,"1":4,"2":0,"3":4,"4":3,"5":3,"6":0,"7":1,"8":1,"9":0,"10":8,"11":4,"12":1,"13":3,"14":1,"15":1,"16":1,"17":1,"18":1,"19":1,"20":1,"21":1,"22":1,"23":1,"24":2,"25":2,"26":2,"27":2,"28":2,"29":2,"30":1,"31":1,"32":0,"33":1,"34":100,"35":100,"36":1,"37":1,"38":0,"39":1,"40":1,"41":1,"42":2,"43":2,"44":2,"45":1,"46":1,"47":1},"f":{"0":4,"1":4,"2":0,"3":4,"4":3,"5":1,"6":8,"7":3,"8":2,"9":2,"10":100,"11":1,"12":2,"13":2},"b":{"0":[1,1,1],"1":[4,0],"2":[4,4],"3":[4,4],"4":[4,4],"5":[1,1,1],"6":[0,3],"7":[3,3],"8":[0,1],"9":[100,0],"10":[100,100],"11":[1,0],"12":[1,1]},"inputSourceMap":null,"_coverageSchema":"1a1c01bbd47fc00a2c39e90264f33305004495a9","hash":"996a674ceae0e56cd3fba42eb5c634fddad193f5"}
,"C:\\Users\\DarkMeadow\\Documents\\GitHub\\CS45000-ECE46100\\out\\RampUpMetric.js": {"path":"C:\\Users\\DarkMeadow\\Documents\\GitHub\\CS45000-ECE46100\\out\\RampUpMetric.js","statementMap":{"0":{"start":{"line":15,"column":22},"end":{"line":25,"column":3}},"1":{"start":{"line":16,"column":4},"end":{"line":16,"column":33}},"2":{"start":{"line":16,"column":26},"end":{"line":16,"column":33}},"3":{"start":{"line":17,"column":15},"end":{"line":17,"column":52}},"4":{"start":{"line":18,"column":4},"end":{"line":20,"column":5}},"5":{"start":{"line":19,"column":6},"end":{"line":19,"column":68}},"6":{"start":{"line":19,"column":51},"end":{"line":19,"column":63}},"7":{"start":{"line":21,"column":4},"end":{"line":21,"column":39}},"8":{"start":{"line":23,"column":4},"end":{"line":23,"column":33}},"9":{"start":{"line":23,"column":26},"end":{"line":23,"column":33}},"10":{"start":{"line":24,"column":4},"end":{"line":24,"column":17}},"11":{"start":{"line":26,"column":25},"end":{"line":30,"column":2}},"12":{"start":{"line":27,"column":4},"end":{"line":27,"column":72}},"13":{"start":{"line":29,"column":4},"end":{"line":29,"column":21}},"14":{"start":{"line":31,"column":19},"end":{"line":37,"column":1}},"15":{"start":{"line":32,"column":4},"end":{"line":32,"column":42}},"16":{"start":{"line":32,"column":31},"end":{"line":32,"column":42}},"17":{"start":{"line":33,"column":17},"end":{"line":33,"column":19}},"18":{"start":{"line":34,"column":4},"end":{"line":34,"column":141}},"19":{"start":{"line":34,"column":21},"end":{"line":34,"column":141}},"20":{"start":{"line":34,"column":40},"end":{"line":34,"column":141}},"21":{"start":{"line":34,"column":109},"end":{"line":34,"column":141}},"22":{"start":{"line":35,"column":4},"end":{"line":35,"column":36}},"23":{"start":{"line":36,"column":4},"end":{"line":36,"column":18}},"24":{"start":{"line":38,"column":16},"end":{"line":46,"column":1}},"25":{"start":{"line":39,"column":28},"end":{"line":39,"column":110}},"26":{"start":{"line":39,"column":91},"end":{"line":39,"column":106}},"27":{"start":{"line":40,"column":4},"end":{"line":45,"column":7}},"28":{"start":{"line":41,"column":36},"end":{"line":41,"column":97}},"29":{"start":{"line":41,"column":42},"end":{"line":41,"column":70}},"30":{"start":{"line":41,"column":85},"end":{"line":41,"column":95}},"31":{"start":{"line":42,"column":35},"end":{"line":42,"column":100}},"32":{"start":{"line":42,"column":41},"end":{"line":42,"column":73}},"33":{"start":{"line":42,"column":88},"end":{"line":42,"column":98}},"34":{"start":{"line":43,"column":32},"end":{"line":43,"column":116}},"35":{"start":{"line":44,"column":8},"end":{"line":44,"column":78}},"36":{"start":{"line":47,"column":22},"end":{"line":49,"column":1}},"37":{"start":{"line":48,"column":4},"end":{"line":48,"column":62}},"38":{"start":{"line":50,"column":0},"end":{"line":50,"column":62}},"39":{"start":{"line":51,"column":0},"end":{"line":51,"column":48}},"40":{"start":{"line":53,"column":16},"end":{"line":53,"column":49}},"41":{"start":{"line":54,"column":15},"end":{"line":54,"column":46}},"42":{"start":{"line":56,"column":16},"end":{"line":56,"column":17}},"43":{"start":{"line":58,"column":0},"end":{"line":58,"column":16}},"44":{"start":{"line":60,"column":28},"end":{"line":60,"column":52}},"45":{"start":{"line":62,"column":21},"end":{"line":62,"column":45}},"46":{"start":{"line":64,"column":0},"end":{"line":66,"column":1}},"47":{"start":{"line":65,"column":4},"end":{"line":65,"column":20}},"48":{"start":{"line":69,"column":4},"end":{"line":82,"column":7}},"49":{"start":{"line":70,"column":8},"end":{"line":81,"column":9}},"50":{"start":{"line":72,"column":29},"end":{"line":76,"column":14}},"51":{"start":{"line":78,"column":12},"end":{"line":78,"column":41}},"52":{"start":{"line":85,"column":4},"end":{"line":102,"column":7}},"53":{"start":{"line":87,"column":8},"end":{"line":89,"column":9}},"54":{"start":{"line":88,"column":12},"end":{"line":88,"column":28}},"55":{"start":{"line":90,"column":8},"end":{"line":92,"column":9}},"56":{"start":{"line":91,"column":12},"end":{"line":91,"column":28}},"57":{"start":{"line":93,"column":8},"end":{"line":95,"column":9}},"58":{"start":{"line":94,"column":12},"end":{"line":94,"column":28}},"59":{"start":{"line":96,"column":8},"end":{"line":98,"column":9}},"60":{"start":{"line":97,"column":12},"end":{"line":97,"column":28}},"61":{"start":{"line":99,"column":8},"end":{"line":101,"column":9}},"62":{"start":{"line":100,"column":12},"end":{"line":100,"column":28}},"63":{"start":{"line":106,"column":4},"end":{"line":118,"column":7}},"64":{"start":{"line":108,"column":30},"end":{"line":108,"column":58}},"65":{"start":{"line":110,"column":8},"end":{"line":112,"column":9}},"66":{"start":{"line":111,"column":12},"end":{"line":111,"column":19}},"67":{"start":{"line":114,"column":21},"end":{"line":114,"column":57}},"68":{"start":{"line":115,"column":37},"end":{"line":115,"column":59}},"69":{"start":{"line":117,"column":8},"end":{"line":117,"column":44}},"70":{"start":{"line":121,"column":4},"end":{"line":125,"column":7}},"71":{"start":{"line":122,"column":8},"end":{"line":122,"column":22}},"72":{"start":{"line":123,"column":8},"end":{"line":123,"column":48}},"73":{"start":{"line":124,"column":8},"end":{"line":124,"column":25}}},"fnMap":{"0":{"name":"(anonymous_0)","decl":{"start":{"line":15,"column":74},"end":{"line":15,"column":75}},"loc":{"start":{"line":15,"column":96},"end":{"line":22,"column":1}},"line":15},"1":{"name":"(anonymous_1)","decl":{"start":{"line":19,"column":38},"end":{"line":19,"column":39}},"loc":{"start":{"line":19,"column":49},"end":{"line":19,"column":65}},"line":19},"2":{"name":"(anonymous_2)","decl":{"start":{"line":22,"column":6},"end":{"line":22,"column":7}},"loc":{"start":{"line":22,"column":28},"end":{"line":25,"column":1}},"line":22},"3":{"name":"(anonymous_3)","decl":{"start":{"line":26,"column":80},"end":{"line":26,"column":81}},"loc":{"start":{"line":26,"column":95},"end":{"line":28,"column":1}},"line":26},"4":{"name":"(anonymous_4)","decl":{"start":{"line":28,"column":5},"end":{"line":28,"column":6}},"loc":{"start":{"line":28,"column":20},"end":{"line":30,"column":1}},"line":28},"5":{"name":"(anonymous_5)","decl":{"start":{"line":31,"column":50},"end":{"line":31,"column":51}},"loc":{"start":{"line":31,"column":65},"end":{"line":37,"column":1}},"line":31},"6":{"name":"(anonymous_6)","decl":{"start":{"line":38,"column":44},"end":{"line":38,"column":45}},"loc":{"start":{"line":38,"column":89},"end":{"line":46,"column":1}},"line":38},"7":{"name":"adopt","decl":{"start":{"line":39,"column":13},"end":{"line":39,"column":18}},"loc":{"start":{"line":39,"column":26},"end":{"line":39,"column":112}},"line":39},"8":{"name":"(anonymous_8)","decl":{"start":{"line":39,"column":70},"end":{"line":39,"column":71}},"loc":{"start":{"line":39,"column":89},"end":{"line":39,"column":108}},"line":39},"9":{"name":"(anonymous_9)","decl":{"start":{"line":40,"column":36},"end":{"line":40,"column":37}},"loc":{"start":{"line":40,"column":63},"end":{"line":45,"column":5}},"line":40},"10":{"name":"fulfilled","decl":{"start":{"line":41,"column":17},"end":{"line":41,"column":26}},"loc":{"start":{"line":41,"column":34},"end":{"line":41,"column":99}},"line":41},"11":{"name":"rejected","decl":{"start":{"line":42,"column":17},"end":{"line":42,"column":25}},"loc":{"start":{"line":42,"column":33},"end":{"line":42,"column":102}},"line":42},"12":{"name":"step","decl":{"start":{"line":43,"column":17},"end":{"line":43,"column":21}},"loc":{"start":{"line":43,"column":30},"end":{"line":43,"column":118}},"line":43},"13":{"name":"(anonymous_13)","decl":{"start":{"line":47,"column":56},"end":{"line":47,"column":57}},"loc":{"start":{"line":47,"column":71},"end":{"line":49,"column":1}},"line":47},"14":{"name":"getReadme","decl":{"start":{"line":68,"column":9},"end":{"line":68,"column":18}},"loc":{"start":{"line":68,"column":32},"end":{"line":83,"column":1}},"line":68},"15":{"name":"(anonymous_15)","decl":{"start":{"line":69,"column":43},"end":{"line":69,"column":44}},"loc":{"start":{"line":69,"column":56},"end":{"line":82,"column":5}},"line":69},"16":{"name":"analyzeReadme","decl":{"start":{"line":84,"column":9},"end":{"line":84,"column":22}},"loc":{"start":{"line":84,"column":38},"end":{"line":103,"column":1}},"line":84},"17":{"name":"(anonymous_17)","decl":{"start":{"line":85,"column":43},"end":{"line":85,"column":44}},"loc":{"start":{"line":85,"column":56},"end":{"line":102,"column":5}},"line":85},"18":{"name":"analyzeReadmeContent","decl":{"start":{"line":105,"column":9},"end":{"line":105,"column":29}},"loc":{"start":{"line":105,"column":43},"end":{"line":119,"column":1}},"line":105},"19":{"name":"(anonymous_19)","decl":{"start":{"line":106,"column":43},"end":{"line":106,"column":44}},"loc":{"start":{"line":106,"column":56},"end":{"line":118,"column":5}},"line":106},"20":{"name":"displayRampupScore","decl":{"start":{"line":120,"column":9},"end":{"line":120,"column":27}},"loc":{"start":{"line":120,"column":41},"end":{"line":126,"column":1}},"line":120},"21":{"name":"(anonymous_21)","decl":{"start":{"line":121,"column":43},"end":{"line":121,"column":44}},"loc":{"start":{"line":121,"column":56},"end":{"line":125,"column":5}},"line":121}},"branchMap":{"0":{"loc":{"start":{"line":15,"column":22},"end":{"line":25,"column":3}},"type":"binary-expr","locations":[{"start":{"line":15,"column":23},"end":{"line":15,"column":27}},{"start":{"line":15,"column":31},"end":{"line":15,"column":51}},{"start":{"line":15,"column":57},"end":{"line":25,"column":2}}],"line":15},"1":{"loc":{"start":{"line":15,"column":57},"end":{"line":25,"column":2}},"type":"cond-expr","locations":[{"start":{"line":15,"column":74},"end":{"line":22,"column":1}},{"start":{"line":22,"column":6},"end":{"line":25,"column":1}}],"line":15},"2":{"loc":{"start":{"line":16,"column":4},"end":{"line":16,"column":33}},"type":"if","locations":[{"start":{"line":16,"column":4},"end":{"line":16,"column":33}},{"start":{},"end":{}}],"line":16},"3":{"loc":{"start":{"line":18,"column":4},"end":{"line":20,"column":5}},"type":"if","locations":[{"start":{"line":18,"column":4},"end":{"line":20,"column":5}},{"start":{},"end":{}}],"line":18},"4":{"loc":{"start":{"line":18,"column":8},"end":{"line":18,"column":85}},"type":"binary-expr","locations":[{"start":{"line":18,"column":8},"end":{"line":18,"column":13}},{"start":{"line":18,"column":18},"end":{"line":18,"column":84}}],"line":18},"5":{"loc":{"start":{"line":18,"column":18},"end":{"line":18,"column":84}},"type":"cond-expr","locations":[{"start":{"line":18,"column":34},"end":{"line":18,"column":47}},{"start":{"line":18,"column":50},"end":{"line":18,"column":84}}],"line":18},"6":{"loc":{"start":{"line":18,"column":50},"end":{"line":18,"column":84}},"type":"binary-expr","locations":[{"start":{"line":18,"column":50},"end":{"line":18,"column":63}},{"start":{"line":18,"column":67},"end":{"line":18,"column":84}}],"line":18},"7":{"loc":{"start":{"line":23,"column":4},"end":{"line":23,"column":33}},"type":"if","locations":[{"start":{"line":23,"column":4},"end":{"line":23,"column":33}},{"start":{},"end":{}}],"line":23},"8":{"loc":{"start":{"line":26,"column":25},"end":{"line":30,"column":2}},"type":"binary-expr","locations":[{"start":{"line":26,"column":26},"end":{"line":26,"column":30}},{"start":{"line":26,"column":34},"end":{"line":26,"column":57}},{"start":{"line":26,"column":63},"end":{"line":30,"column":1}}],"line":26},"9":{"loc":{"start":{"line":26,"column":63},"end":{"line":30,"column":1}},"type":"cond-expr","locations":[{"start":{"line":26,"column":80},"end":{"line":28,"column":1}},{"start":{"line":28,"column":5},"end":{"line":30,"column":1}}],"line":26},"10":{"loc":{"start":{"line":31,"column":19},"end":{"line":37,"column":1}},"type":"binary-expr","locations":[{"start":{"line":31,"column":20},"end":{"line":31,"column":24}},{"start":{"line":31,"column":28},"end":{"line":31,"column":45}},{"start":{"line":31,"column":50},"end":{"line":37,"column":1}}],"line":31},"11":{"loc":{"start":{"line":32,"column":4},"end":{"line":32,"column":42}},"type":"if","locations":[{"start":{"line":32,"column":4},"end":{"line":32,"column":42}},{"start":{},"end":{}}],"line":32},"12":{"loc":{"start":{"line":32,"column":8},"end":{"line":32,"column":29}},"type":"binary-expr","locations":[{"start":{"line":32,"column":8},"end":{"line":32,"column":11}},{"start":{"line":32,"column":15},"end":{"line":32,"column":29}}],"line":32},"13":{"loc":{"start":{"line":34,"column":4},"end":{"line":34,"column":141}},"type":"if","locations":[{"start":{"line":34,"column":4},"end":{"line":34,"column":141}},{"start":{},"end":{}}],"line":34},"14":{"loc":{"start":{"line":34,"column":40},"end":{"line":34,"column":141}},"type":"if","locations":[{"start":{"line":34,"column":40},"end":{"line":34,"column":141}},{"start":{},"end":{}}],"line":34},"15":{"loc":{"start":{"line":34,"column":44},"end":{"line":34,"column":107}},"type":"binary-expr","locations":[{"start":{"line":34,"column":44},"end":{"line":34,"column":59}},{"start":{"line":34,"column":63},"end":{"line":34,"column":107}}],"line":34},"16":{"loc":{"start":{"line":38,"column":16},"end":{"line":46,"column":1}},"type":"binary-expr","locations":[{"start":{"line":38,"column":17},"end":{"line":38,"column":21}},{"start":{"line":38,"column":25},"end":{"line":38,"column":39}},{"start":{"line":38,"column":44},"end":{"line":46,"column":1}}],"line":38},"17":{"loc":{"start":{"line":39,"column":35},"end":{"line":39,"column":109}},"type":"cond-expr","locations":[{"start":{"line":39,"column":56},"end":{"line":39,"column":61}},{"start":{"line":39,"column":64},"end":{"line":39,"column":109}}],"line":39},"18":{"loc":{"start":{"line":40,"column":16},"end":{"line":40,"column":34}},"type":"binary-expr","locations":[{"start":{"line":40,"column":16},"end":{"line":40,"column":17}},{"start":{"line":40,"column":22},"end":{"line":40,"column":33}}],"line":40},"19":{"loc":{"start":{"line":43,"column":32},"end":{"line":43,"column":115}},"type":"cond-expr","locations":[{"start":{"line":43,"column":46},"end":{"line":43,"column":67}},{"start":{"line":43,"column":70},"end":{"line":43,"column":115}}],"line":43},"20":{"loc":{"start":{"line":44,"column":51},"end":{"line":44,"column":67}},"type":"binary-expr","locations":[{"start":{"line":44,"column":51},"end":{"line":44,"column":61}},{"start":{"line":44,"column":65},"end":{"line":44,"column":67}}],"line":44},"21":{"loc":{"start":{"line":47,"column":22},"end":{"line":49,"column":1}},"type":"binary-expr","locations":[{"start":{"line":47,"column":23},"end":{"line":47,"column":27}},{"start":{"line":47,"column":31},"end":{"line":47,"column":51}},{"start":{"line":47,"column":56},"end":{"line":49,"column":1}}],"line":47},"22":{"loc":{"start":{"line":48,"column":11},"end":{"line":48,"column":61}},"type":"cond-expr","locations":[{"start":{"line":48,"column":37},"end":{"line":48,"column":40}},{"start":{"line":48,"column":43},"end":{"line":48,"column":61}}],"line":48},"23":{"loc":{"start":{"line":48,"column":12},"end":{"line":48,"column":33}},"type":"binary-expr","locations":[{"start":{"line":48,"column":12},"end":{"line":48,"column":15}},{"start":{"line":48,"column":19},"end":{"line":48,"column":33}}],"line":48},"24":{"loc":{"start":{"line":64,"column":0},"end":{"line":66,"column":1}},"type":"if","locations":[{"start":{"line":64,"column":0},"end":{"line":66,"column":1}},{"start":{},"end":{}}],"line":64},"25":{"loc":{"start":{"line":87,"column":8},"end":{"line":89,"column":9}},"type":"if","locations":[{"start":{"line":87,"column":8},"end":{"line":89,"column":9}},{"start":{},"end":{}}],"line":87},"26":{"loc":{"start":{"line":87,"column":12},"end":{"line":87,"column":146}},"type":"binary-expr","locations":[{"start":{"line":87,"column":12},"end":{"line":87,"column":53}},{"start":{"line":87,"column":57},"end":{"line":87,"column":101}},{"start":{"line":87,"column":105},"end":{"line":87,"column":146}}],"line":87},"27":{"loc":{"start":{"line":90,"column":8},"end":{"line":92,"column":9}},"type":"if","locations":[{"start":{"line":90,"column":8},"end":{"line":92,"column":9}},{"start":{},"end":{}}],"line":90},"28":{"loc":{"start":{"line":90,"column":12},"end":{"line":90,"column":236}},"type":"binary-expr","locations":[{"start":{"line":90,"column":12},"end":{"line":90,"column":53}},{"start":{"line":90,"column":57},"end":{"line":90,"column":111}},{"start":{"line":90,"column":115},"end":{"line":90,"column":156}},{"start":{"line":90,"column":160},"end":{"line":90,"column":196}},{"start":{"line":90,"column":200},"end":{"line":90,"column":236}}],"line":90},"29":{"loc":{"start":{"line":93,"column":8},"end":{"line":95,"column":9}},"type":"if","locations":[{"start":{"line":93,"column":8},"end":{"line":95,"column":9}},{"start":{},"end":{}}],"line":93},"30":{"loc":{"start":{"line":93,"column":12},"end":{"line":93,"column":84}},"type":"binary-expr","locations":[{"start":{"line":93,"column":12},"end":{"line":93,"column":46}},{"start":{"line":93,"column":50},"end":{"line":93,"column":84}}],"line":93},"31":{"loc":{"start":{"line":96,"column":8},"end":{"line":98,"column":9}},"type":"if","locations":[{"start":{"line":96,"column":8},"end":{"line":98,"column":9}},{"start":{},"end":{}}],"line":96},"32":{"loc":{"start":{"line":99,"column":8},"end":{"line":101,"column":9}},"type":"if","locations":[{"start":{"line":99,"column":8},"end":{"line":101,"column":9}},{"start":{},"end":{}}],"line":99},"33":{"loc":{"start":{"line":99,"column":12},"end":{"line":99,"column":100}},"type":"binary-expr","locations":[{"start":{"line":99,"column":12},"end":{"line":99,"column":54}},{"start":{"line":99,"column":58},"end":{"line":99,"column":100}}],"line":99},"34":{"loc":{"start":{"line":110,"column":8},"end":{"line":112,"column":9}},"type":"if","locations":[{"start":{"line":110,"column":8},"end":{"line":112,"column":9}},{"start":{},"end":{}}],"line":110}},"s":{"0":1,"1":7,"2":7,"3":7,"4":7,"5":7,"6":1,"7":7,"8":0,"9":0,"10":0,"11":1,"12":1,"13":0,"14":1,"15":1,"16":0,"17":1,"18":1,"19":1,"20":7,"21":7,"22":1,"23":1,"24":1,"25":6,"26":0,"27":7,"28":5,"29":5,"30":0,"31":1,"32":1,"33":0,"34":13,"35":7,"36":1,"37":1,"38":1,"39":1,"40":1,"41":1,"42":1,"43":1,"44":1,"45":1,"46":1,"47":0,"48":2,"49":2,"50":2,"51":1,"52":1,"53":1,"54":0,"55":1,"56":1,"57":1,"58":0,"59":1,"60":0,"61":1,"62":0,"63":2,"64":2,"65":2,"66":1,"67":1,"68":1,"69":1,"70":2,"71":2,"72":2,"73":2},"f":{"0":7,"1":1,"2":0,"3":1,"4":0,"5":1,"6":7,"7":6,"8":0,"9":7,"10":5,"11":1,"12":13,"13":1,"14":2,"15":2,"16":1,"17":1,"18":2,"19":2,"20":2,"21":2},"b":{"0":[1,1,1],"1":[1,0],"2":[7,0],"3":[7,0],"4":[7,7],"5":[0,7],"6":[7,0],"7":[0,0],"8":[1,1,1],"9":[1,0],"10":[1,1,1],"11":[0,1],"12":[1,1],"13":[1,0],"14":[7,0],"15":[7,7],"16":[1,1,1],"17":[6,0],"18":[7,7],"19":[7,6],"20":[7,7],"21":[1,1,1],"22":[0,1],"23":[1,1],"24":[0,1],"25":[0,1],"26":[1,1,1],"27":[1,0],"28":[1,0,0,0,0],"29":[0,1],"30":[1,1],"31":[0,1],"32":[0,1],"33":[1,1],"34":[1,1]},"inputSourceMap":null,"_coverageSchema":"1a1c01bbd47fc00a2c39e90264f33305004495a9","hash":"cd62be2655c05f1ccac2a48c31f80d46e05735c2"}
,"C:\\Users\\DarkMeadow\\Documents\\GitHub\\CS45000-ECE46100\\out\\URLParser.js": {"path":"C:\\Users\\DarkMeadow\\Documents\\GitHub\\CS45000-ECE46100\\out\\URLParser.js","statementMap":{"0":{"start":{"line":13,"column":22},"end":{"line":23,"column":3}},"1":{"start":{"line":14,"column":4},"end":{"line":14,"column":33}},"2":{"start":{"line":14,"column":26},"end":{"line":14,"column":33}},"3":{"start":{"line":15,"column":15},"end":{"line":15,"column":52}},"4":{"start":{"line":16,"column":4},"end":{"line":18,"column":5}},"5":{"start":{"line":17,"column":6},"end":{"line":17,"column":68}},"6":{"start":{"line":17,"column":51},"end":{"line":17,"column":63}},"7":{"start":{"line":19,"column":4},"end":{"line":19,"column":39}},"8":{"start":{"line":21,"column":4},"end":{"line":21,"column":33}},"9":{"start":{"line":21,"column":26},"end":{"line":21,"column":33}},"10":{"start":{"line":22,"column":4},"end":{"line":22,"column":17}},"11":{"start":{"line":24,"column":25},"end":{"line":28,"column":2}},"12":{"start":{"line":25,"column":4},"end":{"line":25,"column":72}},"13":{"start":{"line":27,"column":4},"end":{"line":27,"column":21}},"14":{"start":{"line":29,"column":19},"end":{"line":35,"column":1}},"15":{"start":{"line":30,"column":4},"end":{"line":30,"column":42}},"16":{"start":{"line":30,"column":31},"end":{"line":30,"column":42}},"17":{"start":{"line":31,"column":17},"end":{"line":31,"column":19}},"18":{"start":{"line":32,"column":4},"end":{"line":32,"column":141}},"19":{"start":{"line":32,"column":21},"end":{"line":32,"column":141}},"20":{"start":{"line":32,"column":40},"end":{"line":32,"column":141}},"21":{"start":{"line":32,"column":109},"end":{"line":32,"column":141}},"22":{"start":{"line":33,"column":4},"end":{"line":33,"column":36}},"23":{"start":{"line":34,"column":4},"end":{"line":34,"column":18}},"24":{"start":{"line":36,"column":16},"end":{"line":44,"column":1}},"25":{"start":{"line":37,"column":28},"end":{"line":37,"column":110}},"26":{"start":{"line":37,"column":91},"end":{"line":37,"column":106}},"27":{"start":{"line":38,"column":4},"end":{"line":43,"column":7}},"28":{"start":{"line":39,"column":36},"end":{"line":39,"column":97}},"29":{"start":{"line":39,"column":42},"end":{"line":39,"column":70}},"30":{"start":{"line":39,"column":85},"end":{"line":39,"column":95}},"31":{"start":{"line":40,"column":35},"end":{"line":40,"column":100}},"32":{"start":{"line":40,"column":41},"end":{"line":40,"column":73}},"33":{"start":{"line":40,"column":88},"end":{"line":40,"column":98}},"34":{"start":{"line":41,"column":32},"end":{"line":41,"column":116}},"35":{"start":{"line":42,"column":8},"end":{"line":42,"column":78}},"36":{"start":{"line":45,"column":0},"end":{"line":45,"column":62}},"37":{"start":{"line":46,"column":0},"end":{"line":46,"column":30}},"38":{"start":{"line":47,"column":11},"end":{"line":47,"column":38}},"39":{"start":{"line":51,"column":8},"end":{"line":64,"column":11}},"40":{"start":{"line":52,"column":12},"end":{"line":63,"column":13}},"41":{"start":{"line":54,"column":29},"end":{"line":54,"column":63}},"42":{"start":{"line":56,"column":29},"end":{"line":56,"column":102}},"43":{"start":{"line":56,"column":58},"end":{"line":56,"column":69}},"44":{"start":{"line":56,"column":86},"end":{"line":56,"column":101}},"45":{"start":{"line":58,"column":16},"end":{"line":60,"column":19}},"46":{"start":{"line":59,"column":20},"end":{"line":59,"column":46}},"47":{"start":{"line":67,"column":0},"end":{"line":67,"column":36}}},"fnMap":{"0":{"name":"(anonymous_0)","decl":{"start":{"line":13,"column":74},"end":{"line":13,"column":75}},"loc":{"start":{"line":13,"column":96},"end":{"line":20,"column":1}},"line":13},"1":{"name":"(anonymous_1)","decl":{"start":{"line":17,"column":38},"end":{"line":17,"column":39}},"loc":{"start":{"line":17,"column":49},"end":{"line":17,"column":65}},"line":17},"2":{"name":"(anonymous_2)","decl":{"start":{"line":20,"column":6},"end":{"line":20,"column":7}},"loc":{"start":{"line":20,"column":28},"end":{"line":23,"column":1}},"line":20},"3":{"name":"(anonymous_3)","decl":{"start":{"line":24,"column":80},"end":{"line":24,"column":81}},"loc":{"start":{"line":24,"column":95},"end":{"line":26,"column":1}},"line":24},"4":{"name":"(anonymous_4)","decl":{"start":{"line":26,"column":5},"end":{"line":26,"column":6}},"loc":{"start":{"line":26,"column":20},"end":{"line":28,"column":1}},"line":26},"5":{"name":"(anonymous_5)","decl":{"start":{"line":29,"column":50},"end":{"line":29,"column":51}},"loc":{"start":{"line":29,"column":65},"end":{"line":35,"column":1}},"line":29},"6":{"name":"(anonymous_6)","decl":{"start":{"line":36,"column":44},"end":{"line":36,"column":45}},"loc":{"start":{"line":36,"column":89},"end":{"line":44,"column":1}},"line":36},"7":{"name":"adopt","decl":{"start":{"line":37,"column":13},"end":{"line":37,"column":18}},"loc":{"start":{"line":37,"column":26},"end":{"line":37,"column":112}},"line":37},"8":{"name":"(anonymous_8)","decl":{"start":{"line":37,"column":70},"end":{"line":37,"column":71}},"loc":{"start":{"line":37,"column":89},"end":{"line":37,"column":108}},"line":37},"9":{"name":"(anonymous_9)","decl":{"start":{"line":38,"column":36},"end":{"line":38,"column":37}},"loc":{"start":{"line":38,"column":63},"end":{"line":43,"column":5}},"line":38},"10":{"name":"fulfilled","decl":{"start":{"line":39,"column":17},"end":{"line":39,"column":26}},"loc":{"start":{"line":39,"column":34},"end":{"line":39,"column":99}},"line":39},"11":{"name":"rejected","decl":{"start":{"line":40,"column":17},"end":{"line":40,"column":25}},"loc":{"start":{"line":40,"column":33},"end":{"line":40,"column":102}},"line":40},"12":{"name":"step","decl":{"start":{"line":41,"column":17},"end":{"line":41,"column":21}},"loc":{"start":{"line":41,"column":30},"end":{"line":41,"column":118}},"line":41},"13":{"name":"(anonymous_13)","decl":{"start":{"line":50,"column":4},"end":{"line":50,"column":5}},"loc":{"start":{"line":50,"column":45},"end":{"line":65,"column":5}},"line":50},"14":{"name":"(anonymous_14)","decl":{"start":{"line":51,"column":47},"end":{"line":51,"column":48}},"loc":{"start":{"line":51,"column":60},"end":{"line":64,"column":9}},"line":51},"15":{"name":"(anonymous_15)","decl":{"start":{"line":56,"column":50},"end":{"line":56,"column":51}},"loc":{"start":{"line":56,"column":58},"end":{"line":56,"column":69}},"line":56},"16":{"name":"(anonymous_16)","decl":{"start":{"line":56,"column":78},"end":{"line":56,"column":79}},"loc":{"start":{"line":56,"column":86},"end":{"line":56,"column":101}},"line":56},"17":{"name":"(anonymous_17)","decl":{"start":{"line":58,"column":29},"end":{"line":58,"column":30}},"loc":{"start":{"line":58,"column":45},"end":{"line":60,"column":17}},"line":58}},"branchMap":{"0":{"loc":{"start":{"line":13,"column":22},"end":{"line":23,"column":3}},"type":"binary-expr","locations":[{"start":{"line":13,"column":23},"end":{"line":13,"column":27}},{"start":{"line":13,"column":31},"end":{"line":13,"column":51}},{"start":{"line":13,"column":57},"end":{"line":23,"column":2}}],"line":13},"1":{"loc":{"start":{"line":13,"column":57},"end":{"line":23,"column":2}},"type":"cond-expr","locations":[{"start":{"line":13,"column":74},"end":{"line":20,"column":1}},{"start":{"line":20,"column":6},"end":{"line":23,"column":1}}],"line":13},"2":{"loc":{"start":{"line":14,"column":4},"end":{"line":14,"column":33}},"type":"if","locations":[{"start":{"line":14,"column":4},"end":{"line":14,"column":33}},{"start":{},"end":{}}],"line":14},"3":{"loc":{"start":{"line":16,"column":4},"end":{"line":18,"column":5}},"type":"if","locations":[{"start":{"line":16,"column":4},"end":{"line":18,"column":5}},{"start":{},"end":{}}],"line":16},"4":{"loc":{"start":{"line":16,"column":8},"end":{"line":16,"column":85}},"type":"binary-expr","locations":[{"start":{"line":16,"column":8},"end":{"line":16,"column":13}},{"start":{"line":16,"column":18},"end":{"line":16,"column":84}}],"line":16},"5":{"loc":{"start":{"line":16,"column":18},"end":{"line":16,"column":84}},"type":"cond-expr","locations":[{"start":{"line":16,"column":34},"end":{"line":16,"column":47}},{"start":{"line":16,"column":50},"end":{"line":16,"column":84}}],"line":16},"6":{"loc":{"start":{"line":16,"column":50},"end":{"line":16,"column":84}},"type":"binary-expr","locations":[{"start":{"line":16,"column":50},"end":{"line":16,"column":63}},{"start":{"line":16,"column":67},"end":{"line":16,"column":84}}],"line":16},"7":{"loc":{"start":{"line":21,"column":4},"end":{"line":21,"column":33}},"type":"if","locations":[{"start":{"line":21,"column":4},"end":{"line":21,"column":33}},{"start":{},"end":{}}],"line":21},"8":{"loc":{"start":{"line":24,"column":25},"end":{"line":28,"column":2}},"type":"binary-expr","locations":[{"start":{"line":24,"column":26},"end":{"line":24,"column":30}},{"start":{"line":24,"column":34},"end":{"line":24,"column":57}},{"start":{"line":24,"column":63},"end":{"line":28,"column":1}}],"line":24},"9":{"loc":{"start":{"line":24,"column":63},"end":{"line":28,"column":1}},"type":"cond-expr","locations":[{"start":{"line":24,"column":80},"end":{"line":26,"column":1}},{"start":{"line":26,"column":5},"end":{"line":28,"column":1}}],"line":24},"10":{"loc":{"start":{"line":29,"column":19},"end":{"line":35,"column":1}},"type":"binary-expr","locations":[{"start":{"line":29,"column":20},"end":{"line":29,"column":24}},{"start":{"line":29,"column":28},"end":{"line":29,"column":45}},{"start":{"line":29,"column":50},"end":{"line":35,"column":1}}],"line":29},"11":{"loc":{"start":{"line":30,"column":4},"end":{"line":30,"column":42}},"type":"if","locations":[{"start":{"line":30,"column":4},"end":{"line":30,"column":42}},{"start":{},"end":{}}],"line":30},"12":{"loc":{"start":{"line":30,"column":8},"end":{"line":30,"column":29}},"type":"binary-expr","locations":[{"start":{"line":30,"column":8},"end":{"line":30,"column":11}},{"start":{"line":30,"column":15},"end":{"line":30,"column":29}}],"line":30},"13":{"loc":{"start":{"line":32,"column":4},"end":{"line":32,"column":141}},"type":"if","locations":[{"start":{"line":32,"column":4},"end":{"line":32,"column":141}},{"start":{},"end":{}}],"line":32},"14":{"loc":{"start":{"line":32,"column":40},"end":{"line":32,"column":141}},"type":"if","locations":[{"start":{"line":32,"column":40},"end":{"line":32,"column":141}},{"start":{},"end":{}}],"line":32},"15":{"loc":{"start":{"line":32,"column":44},"end":{"line":32,"column":107}},"type":"binary-expr","locations":[{"start":{"line":32,"column":44},"end":{"line":32,"column":59}},{"start":{"line":32,"column":63},"end":{"line":32,"column":107}}],"line":32},"16":{"loc":{"start":{"line":36,"column":16},"end":{"line":44,"column":1}},"type":"binary-expr","locations":[{"start":{"line":36,"column":17},"end":{"line":36,"column":21}},{"start":{"line":36,"column":25},"end":{"line":36,"column":39}},{"start":{"line":36,"column":44},"end":{"line":44,"column":1}}],"line":36},"17":{"loc":{"start":{"line":37,"column":35},"end":{"line":37,"column":109}},"type":"cond-expr","locations":[{"start":{"line":37,"column":56},"end":{"line":37,"column":61}},{"start":{"line":37,"column":64},"end":{"line":37,"column":109}}],"line":37},"18":{"loc":{"start":{"line":38,"column":16},"end":{"line":38,"column":34}},"type":"binary-expr","locations":[{"start":{"line":38,"column":16},"end":{"line":38,"column":17}},{"start":{"line":38,"column":22},"end":{"line":38,"column":33}}],"line":38},"19":{"loc":{"start":{"line":41,"column":32},"end":{"line":41,"column":115}},"type":"cond-expr","locations":[{"start":{"line":41,"column":46},"end":{"line":41,"column":67}},{"start":{"line":41,"column":70},"end":{"line":41,"column":115}}],"line":41},"20":{"loc":{"start":{"line":42,"column":51},"end":{"line":42,"column":67}},"type":"binary-expr","locations":[{"start":{"line":42,"column":51},"end":{"line":42,"column":61}},{"start":{"line":42,"column":65},"end":{"line":42,"column":67}}],"line":42}},"s":{"0":2,"1":208,"2":208,"3":208,"4":208,"5":198,"6":2,"7":208,"8":0,"9":0,"10":0,"11":2,"12":2,"13":0,"14":2,"15":2,"16":0,"17":2,"18":2,"19":2,"20":208,"21":208,"22":2,"23":2,"24":2,"25":0,"26":0,"27":2,"28":0,"29":0,"30":0,"31":0,"32":0,"33":0,"34":2,"35":2,"36":2,"37":2,"38":2,"39":2,"40":2,"41":2,"42":0,"43":0,"44":0,"45":0,"46":0,"47":2},"f":{"0":208,"1":2,"2":0,"3":2,"4":0,"5":2,"6":2,"7":0,"8":0,"9":2,"10":0,"11":0,"12":2,"13":2,"14":2,"15":0,"16":0,"17":0},"b":{"0":[2,2,2],"1":[2,0],"2":[208,0],"3":[198,10],"4":[208,208],"5":[16,192],"6":[192,10],"7":[0,0],"8":[2,2,2],"9":[2,0],"10":[2,2,2],"11":[0,2],"12":[2,2],"13":[2,0],"14":[208,0],"15":[208,208],"16":[2,2,2],"17":[0,0],"18":[2,2],"19":[2,0],"20":[2,2]},"inputSourceMap":null,"_coverageSchema":"1a1c01bbd47fc00a2c39e90264f33305004495a9","hash":"6c3ea8f888c70d94f9b2b53e756d420b15bf118d"}
,"C:\\Users\\DarkMeadow\\Documents\\GitHub\\CS45000-ECE46100\\src\\BusFactor.ts": {"path":"C:\\Users\\DarkMeadow\\Documents\\GitHub\\CS45000-ECE46100\\src\\BusFactor.ts","statementMap":{"0":{"start":{"line":91,"column":0},"end":{"line":91,"column":22}},"1":{"start":{"line":17,"column":0},"end":{"line":17,"column":26}},"2":{"start":{"line":18,"column":0},"end":{"line":18,"column":28}},"3":{"start":{"line":19,"column":0},"end":{"line":19,"column":26}},"4":{"start":{"line":22,"column":0},"end":{"line":22,"column":16}},"5":{"start":{"line":25,"column":14},"end":{"line":25,"column":38}},"6":{"start":{"line":27,"column":28},"end":{"line":27,"column":52}},"7":{"start":{"line":28,"column":21},"end":{"line":28,"column":62}},"8":{"start":{"line":30,"column":24},"end":{"line":30,"column":26}},"9":{"start":{"line":35,"column":2},"end":{"line":78,"column":3}},"10":{"start":{"line":36,"column":25},"end":{"line":36,"column":42}},"11":{"start":{"line":37,"column":15},"end":{"line":37,"column":16}},"12":{"start":{"line":40,"column":4},"end":{"line":71,"column":5}},"13":{"start":{"line":41,"column":23},"end":{"line":52,"column":null}},"14":{"start":{"line":55,"column":22},"end":{"line":55,"column":35}},"15":{"start":{"line":58,"column":6},"end":{"line":58,"column":38}},"16":{"start":{"line":58,"column":32},"end":{"line":58,"column":38}},"17":{"start":{"line":61,"column":6},"end":{"line":65,"column":9}},"18":{"start":{"line":62,"column":8},"end":{"line":64,"column":9}},"19":{"start":{"line":63,"column":10},"end":{"line":63,"column":48}},"20":{"start":{"line":68,"column":6},"end":{"line":68,"column":54}},"21":{"start":{"line":68,"column":48},"end":{"line":68,"column":54}},"22":{"start":{"line":70,"column":6},"end":{"line":70,"column":13}},"23":{"start":{"line":73,"column":4},"end":{"line":73,"column":24}},"24":{"start":{"line":77,"column":4},"end":{"line":77,"column":16}},"25":{"start":{"line":85,"column":2},"end":{"line":85,"column":54}},"26":{"start":{"line":92,"column":23},"end":{"line":92,"column":52}},"27":{"start":{"line":94,"column":2},"end":{"line":97,"column":3}},"28":{"start":{"line":96,"column":4},"end":{"line":96,"column":13}},"29":{"start":{"line":100,"column":20},"end":{"line":100,"column":52}},"30":{"start":{"line":103,"column":2},"end":{"line":103,"column":null}}},"fnMap":{"0":{"name":"getCommits","decl":{"start":{"line":34,"column":15},"end":{"line":34,"column":25}},"loc":{"start":{"line":34,"column":53},"end":{"line":79,"column":null}}},"1":{"name":"(anonymous_10)","decl":{"start":{"line":61,"column":22},"end":{"line":61,"column":23}},"loc":{"start":{"line":61,"column":38},"end":{"line":65,"column":7}}},"2":{"name":"calculateBusFactor","decl":{"start":{"line":84,"column":9},"end":{"line":84,"column":27}},"loc":{"start":{"line":84,"column":53},"end":{"line":86,"column":1}}},"3":{"name":"getBusFactor","decl":{"start":{"line":91,"column":22},"end":{"line":91,"column":34}},"loc":{"start":{"line":91,"column":62},"end":{"line":104,"column":null}}}},"branchMap":{"0":{"loc":{"start":{"line":58,"column":6},"end":{"line":58,"column":38}},"type":"if","locations":[{"start":{"line":58,"column":6},"end":{"line":58,"column":38}}]},"1":{"loc":{"start":{"line":62,"column":8},"end":{"line":64,"column":9}},"type":"if","locations":[{"start":{"line":62,"column":8},"end":{"line":64,"column":9}}]},"2":{"loc":{"start":{"line":62,"column":12},"end":{"line":62,"column":48}},"type":"binary-expr","locations":[{"start":{"line":62,"column":12},"end":{"line":62,"column":25}},{"start":{"line":62,"column":29},"end":{"line":62,"column":48}}]},"3":{"loc":{"start":{"line":68,"column":6},"end":{"line":68,"column":54}},"type":"if","locations":[{"start":{"line":68,"column":6},"end":{"line":68,"column":54}}]},"4":{"loc":{"start":{"line":94,"column":2},"end":{"line":97,"column":3}},"type":"if","locations":[{"start":{"line":94,"column":2},"end":{"line":97,"column":3}}]}},"s":{"0":1,"1":1,"2":1,"3":1,"4":1,"5":1,"6":1,"7":1,"8":1,"9":2,"10":2,"11":2,"12":2,"13":2,"14":1,"15":1,"16":0,"17":1,"18":100,"19":100,"20":1,"21":1,"22":0,"23":1,"24":1,"25":1,"26":2,"27":2,"28":1,"29":1,"30":1},"f":{"0":2,"1":100,"2":1,"3":2},"b":{"0":[0],"1":[100],"2":[100,100],"3":[1],"4":[1]}}
,"C:\\Users\\DarkMeadow\\Documents\\GitHub\\CS45000-ECE46100\\src\\RampUpMetric.ts": {"path":"C:\\Users\\DarkMeadow\\Documents\\GitHub\\CS45000-ECE46100\\src\\RampUpMetric.ts","statementMap":{"0":{"start":{"line":122,"column":0},"end":{"line":122,"column":22}},"1":{"start":{"line":16,"column":0},"end":{"line":16,"column":26}},"2":{"start":{"line":17,"column":0},"end":{"line":17,"column":33}},"3":{"start":{"line":21,"column":24},"end":{"line":21,"column":25}},"4":{"start":{"line":24,"column":0},"end":{"line":24,"column":16}},"5":{"start":{"line":27,"column":28},"end":{"line":27,"column":52}},"6":{"start":{"line":30,"column":21},"end":{"line":30,"column":45}},"7":{"start":{"line":33,"column":0},"end":{"line":35,"column":1}},"8":{"start":{"line":34,"column":4},"end":{"line":34,"column":20}},"9":{"start":{"line":39,"column":4},"end":{"line":59,"column":5}},"10":{"start":{"line":41,"column":25},"end":{"line":49,"column":10}},"11":{"start":{"line":53,"column":8},"end":{"line":53,"column":37}},"12":{"start":{"line":66,"column":4},"end":{"line":70,"column":5}},"13":{"start":{"line":68,"column":8},"end":{"line":68,"column":24}},"14":{"start":{"line":72,"column":4},"end":{"line":76,"column":5}},"15":{"start":{"line":74,"column":8},"end":{"line":74,"column":24}},"16":{"start":{"line":78,"column":4},"end":{"line":82,"column":5}},"17":{"start":{"line":80,"column":8},"end":{"line":80,"column":24}},"18":{"start":{"line":84,"column":4},"end":{"line":88,"column":5}},"19":{"start":{"line":86,"column":8},"end":{"line":86,"column":24}},"20":{"start":{"line":90,"column":4},"end":{"line":94,"column":5}},"21":{"start":{"line":92,"column":8},"end":{"line":92,"column":24}},"22":{"start":{"line":105,"column":26},"end":{"line":105,"column":54}},"23":{"start":{"line":108,"column":5},"end":{"line":110,"column":5}},"24":{"start":{"line":109,"column":8},"end":{"line":109,"column":15}},"25":{"start":{"line":113,"column":17},"end":{"line":113,"column":53}},"26":{"start":{"line":114,"column":33},"end":{"line":114,"column":55}},"27":{"start":{"line":118,"column":4},"end":{"line":118,"column":40}},"28":{"start":{"line":124,"column":4},"end":{"line":124,"column":18}},"29":{"start":{"line":126,"column":4},"end":{"line":126,"column":44}},"30":{"start":{"line":128,"column":4},"end":{"line":128,"column":21}}},"fnMap":{"0":{"name":"getReadme","decl":{"start":{"line":38,"column":15},"end":{"line":38,"column":24}},"loc":{"start":{"line":38,"column":52},"end":{"line":61,"column":25}}},"1":{"name":"analyzeReadme","decl":{"start":{"line":63,"column":15},"end":{"line":63,"column":28}},"loc":{"start":{"line":63,"column":50},"end":{"line":98,"column":29}}},"2":{"name":"analyzeReadmeContent","decl":{"start":{"line":102,"column":15},"end":{"line":102,"column":35}},"loc":{"start":{"line":102,"column":61},"end":{"line":120,"column":36}}},"3":{"name":"displayRampupScore","decl":{"start":{"line":122,"column":22},"end":{"line":122,"column":40}},"loc":{"start":{"line":122,"column":68},"end":{"line":130,"column":34}}}},"branchMap":{"0":{"loc":{"start":{"line":33,"column":0},"end":{"line":35,"column":1}},"type":"if","locations":[{"start":{"line":33,"column":0},"end":{"line":35,"column":1}}]},"1":{"loc":{"start":{"line":66,"column":4},"end":{"line":70,"column":5}},"type":"if","locations":[{"start":{"line":66,"column":4},"end":{"line":70,"column":5}}]},"2":{"loc":{"start":{"line":66,"column":8},"end":{"line":66,"column":142}},"type":"binary-expr","locations":[{"start":{"line":66,"column":8},"end":{"line":66,"column":49}},{"start":{"line":66,"column":53},"end":{"line":66,"column":97}},{"start":{"line":66,"column":101},"end":{"line":66,"column":142}}]},"3":{"loc":{"start":{"line":72,"column":4},"end":{"line":76,"column":5}},"type":"if","locations":[{"start":{"line":72,"column":4},"end":{"line":76,"column":5}}]},"4":{"loc":{"start":{"line":72,"column":8},"end":{"line":72,"column":232}},"type":"binary-expr","locations":[{"start":{"line":72,"column":8},"end":{"line":72,"column":49}},{"start":{"line":72,"column":53},"end":{"line":72,"column":107}},{"start":{"line":72,"column":111},"end":{"line":72,"column":152}},{"start":{"line":72,"column":156},"end":{"line":72,"column":192}},{"start":{"line":72,"column":196},"end":{"line":72,"column":232}}]},"5":{"loc":{"start":{"line":78,"column":4},"end":{"line":82,"column":5}},"type":"if","locations":[{"start":{"line":78,"column":4},"end":{"line":82,"column":5}}]},"6":{"loc":{"start":{"line":78,"column":8},"end":{"line":78,"column":80}},"type":"binary-expr","locations":[{"start":{"line":78,"column":8},"end":{"line":78,"column":42}},{"start":{"line":78,"column":46},"end":{"line":78,"column":80}}]},"7":{"loc":{"start":{"line":84,"column":4},"end":{"line":88,"column":5}},"type":"if","locations":[{"start":{"line":84,"column":4},"end":{"line":88,"column":5}}]},"8":{"loc":{"start":{"line":90,"column":4},"end":{"line":94,"column":5}},"type":"if","locations":[{"start":{"line":90,"column":4},"end":{"line":94,"column":5}}]},"9":{"loc":{"start":{"line":90,"column":8},"end":{"line":90,"column":96}},"type":"binary-expr","locations":[{"start":{"line":90,"column":8},"end":{"line":90,"column":50}},{"start":{"line":90,"column":54},"end":{"line":90,"column":96}}]},"10":{"loc":{"start":{"line":108,"column":5},"end":{"line":110,"column":5}},"type":"if","locations":[{"start":{"line":108,"column":5},"end":{"line":110,"column":5}}]}},"s":{"0":1,"1":1,"2":1,"3":1,"4":1,"5":1,"6":1,"7":1,"8":0,"9":2,"10":2,"11":1,"12":1,"13":0,"14":1,"15":1,"16":1,"17":0,"18":1,"19":0,"20":1,"21":0,"22":2,"23":2,"24":1,"25":1,"26":1,"27":1,"28":2,"29":2,"30":2},"f":{"0":2,"1":1,"2":2,"3":2},"b":{"0":[0],"1":[0],"2":[1,1,1],"3":[1],"4":[1,0,0,0,0],"5":[0],"6":[1,1],"7":[0],"8":[0],"9":[1,1],"10":[1]}}
,"C:\\Users\\DarkMeadow\\Documents\\GitHub\\CS45000-ECE46100\\src\\URLParser.ts": {"path":"C:\\Users\\DarkMeadow\\Documents\\GitHub\\CS45000-ECE46100\\src\\URLParser.ts","statementMap":{"0":{"start":{"line":13,"column":0},"end":{"line":13,"column":25}},"1":{"start":{"line":19,"column":8},"end":{"line":33,"column":9}},"2":{"start":{"line":21,"column":25},"end":{"line":21,"column":59}},"3":{"start":{"line":24,"column":25},"end":{"line":24,"column":98}},"4":{"start":{"line":24,"column":54},"end":{"line":24,"column":65}},"5":{"start":{"line":24,"column":82},"end":{"line":24,"column":97}},"6":{"start":{"line":27,"column":12},"end":{"line":29,"column":15}},"7":{"start":{"line":28,"column":16},"end":{"line":28,"column":42}},"8":{"start":{"line":15,"column":0},"end":{"line":15,"column":13}}},"fnMap":{"0":{"name":"(anonymous_13)","decl":{"start":{"line":18,"column":17},"end":{"line":18,"column":36}},"loc":{"start":{"line":18,"column":100},"end":{"line":34,"column":null}}},"1":{"name":"(anonymous_15)","decl":{"start":{"line":24,"column":46},"end":{"line":24,"column":50}},"loc":{"start":{"line":24,"column":54},"end":{"line":24,"column":65}}},"2":{"name":"(anonymous_16)","decl":{"start":{"line":24,"column":74},"end":{"line":24,"column":78}},"loc":{"start":{"line":24,"column":82},"end":{"line":24,"column":97}}},"3":{"name":"(anonymous_17)","decl":{"start":{"line":27,"column":25},"end":{"line":27,"column":26}},"loc":{"start":{"line":27,"column":40},"end":{"line":29,"column":13}}}},"branchMap":{},"s":{"0":1,"1":1,"2":1,"3":0,"4":0,"5":0,"6":0,"7":0,"8":1},"f":{"0":1,"1":0,"2":0,"3":0},"b":{}}
}
