TN:
SF:out\BusFactor.js
FN:2,(anonymous_0)
FN:3,adopt
FN:3,(anonymous_2)
FN:4,(anonymous_3)
FN:5,fulfilled
FN:6,rejected
FN:7,step
FN:11,(anonymous_7)
FN:45,getCommits
FN:46,(anonymous_9)
FN:67,(anonymous_10)
FN:88,calculateBusFactor
FN:92,getBusFactor
FN:93,(anonymous_13)
FNF:14
FNH:13
FNDA:4,(anonymous_0)
FNDA:4,adopt
FNDA:0,(anonymous_2)
FNDA:4,(anonymous_3)
FNDA:3,fulfilled
FNDA:1,rejected
FNDA:8,step
FNDA:4,(anonymous_7)
FNDA:2,getCommits
FNDA:2,(anonymous_9)
FNDA:100,(anonymous_10)
FNDA:1,calculateBusFactor
FNDA:2,getBusFactor
FNDA:2,(anonymous_13)
DA:2,1
DA:3,4
DA:4,4
DA:5,3
DA:6,1
DA:7,8
DA:8,4
DA:11,1
DA:12,4
DA:14,1
DA:15,1
DA:32,1
DA:33,1
DA:34,1
DA:35,1
DA:37,1
DA:39,1
DA:40,1
DA:41,1
DA:43,1
DA:46,2
DA:47,2
DA:48,2
DA:49,2
DA:51,2
DA:52,2
DA:62,1
DA:64,1
DA:65,0
DA:67,1
DA:68,100
DA:69,100
DA:73,1
DA:74,1
DA:75,0
DA:77,1
DA:81,1
DA:82,1
DA:83,1
DA:89,1
DA:93,2
DA:94,2
DA:95,2
DA:97,1
DA:100,1
DA:102,1
LF:46
LH:44
BRDA:2,0,0,1
BRDA:2,0,1,1
BRDA:2,0,2,1
BRDA:3,1,0,4
BRDA:3,1,1,0
BRDA:4,2,0,4
BRDA:4,2,1,4
BRDA:7,3,0,4
BRDA:7,3,1,4
BRDA:8,4,0,4
BRDA:8,4,1,4
BRDA:11,5,0,1
BRDA:11,5,1,1
BRDA:11,5,2,1
BRDA:12,6,0,1
BRDA:12,6,1,3
BRDA:12,7,0,4
BRDA:12,7,1,4
BRDA:64,8,0,0
BRDA:64,8,1,1
BRDA:68,9,0,100
BRDA:68,9,1,0
BRDA:68,10,0,100
BRDA:68,10,1,100
BRDA:73,11,0,1
BRDA:73,11,1,0
BRDA:95,12,0,1
BRDA:95,12,1,1
BRF:28
BRH:24
end_of_record
TN:
SF:out\Logger.js
FN:2,(anonymous_0)
FN:6,(anonymous_1)
FN:9,(anonymous_2)
FN:13,(anonymous_3)
FN:15,(anonymous_4)
FN:18,(anonymous_5)
FN:32,(anonymous_6)
FNF:7
FNH:5
FNDA:28,(anonymous_0)
FNDA:4,(anonymous_1)
FNDA:0,(anonymous_2)
FNDA:4,(anonymous_3)
FNDA:0,(anonymous_4)
FNDA:4,(anonymous_5)
FNDA:8,(anonymous_6)
DA:2,4
DA:3,28
DA:4,28
DA:5,28
DA:6,28
DA:8,28
DA:10,0
DA:11,0
DA:13,4
DA:14,4
DA:16,0
DA:18,4
DA:19,4
DA:20,4
DA:21,28
DA:22,4
DA:23,4
DA:25,4
DA:26,4
DA:27,4
DA:28,4
DA:29,4
DA:30,4
DA:33,8
DA:39,4
LF:25
LH:22
BRDA:2,0,0,4
BRDA:2,0,1,4
BRDA:2,0,2,4
BRDA:2,1,0,4
BRDA:2,1,1,0
BRDA:3,2,0,28
BRDA:3,2,1,0
BRDA:5,3,0,28
BRDA:5,3,1,0
BRDA:5,4,0,28
BRDA:5,4,1,28
BRDA:5,5,0,0
BRDA:5,5,1,28
BRDA:5,6,0,28
BRDA:5,6,1,0
BRDA:10,7,0,0
BRDA:10,7,1,0
BRDA:13,8,0,4
BRDA:13,8,1,4
BRDA:13,8,2,4
BRDA:13,9,0,4
BRDA:13,9,1,0
BRDA:18,10,0,4
BRDA:18,10,1,4
BRDA:18,10,2,4
BRDA:19,11,0,0
BRDA:19,11,1,4
BRDA:19,12,0,4
BRDA:19,12,1,4
BRDA:21,13,0,4
BRDA:21,13,1,0
BRDA:21,14,0,28
BRDA:21,14,1,0
BRDA:21,15,0,28
BRDA:21,15,1,28
BRDA:29,16,0,4
BRDA:29,16,1,0
BRF:37
BRH:25
end_of_record
TN:
SF:out\RampUpMetric.js
FN:15,(anonymous_0)
FN:19,(anonymous_1)
FN:22,(anonymous_2)
FN:26,(anonymous_3)
FN:28,(anonymous_4)
FN:31,(anonymous_5)
FN:38,(anonymous_6)
FN:39,adopt
FN:39,(anonymous_8)
FN:40,(anonymous_9)
FN:41,fulfilled
FN:42,rejected
FN:43,step
FN:47,(anonymous_13)
FN:69,getReadme
FN:70,(anonymous_15)
FN:87,analyzeReadme
FN:88,(anonymous_17)
FN:108,analyzeReadmeContent
FN:109,(anonymous_19)
FN:123,displayRampupScore
FN:124,(anonymous_21)
FNF:22
FNH:19
FNDA:7,(anonymous_0)
FNDA:1,(anonymous_1)
FNDA:0,(anonymous_2)
FNDA:1,(anonymous_3)
FNDA:0,(anonymous_4)
FNDA:1,(anonymous_5)
FNDA:7,(anonymous_6)
FNDA:6,adopt
FNDA:0,(anonymous_8)
FNDA:7,(anonymous_9)
FNDA:5,fulfilled
FNDA:1,rejected
FNDA:13,step
FNDA:2,(anonymous_13)
FNDA:2,getReadme
FNDA:2,(anonymous_15)
FNDA:1,analyzeReadme
FNDA:1,(anonymous_17)
FNDA:2,analyzeReadmeContent
FNDA:2,(anonymous_19)
FNDA:2,displayRampupScore
FNDA:2,(anonymous_21)
DA:15,1
DA:16,7
DA:17,7
DA:18,7
DA:19,7
DA:21,7
DA:23,0
DA:24,0
DA:26,1
DA:27,1
DA:29,0
DA:31,1
DA:32,1
DA:33,1
DA:34,7
DA:35,1
DA:36,1
DA:38,1
DA:39,6
DA:40,7
DA:41,5
DA:42,1
DA:43,13
DA:44,7
DA:47,1
DA:48,2
DA:50,1
DA:51,1
DA:53,1
DA:54,1
DA:55,1
DA:57,1
DA:59,1
DA:61,1
DA:63,1
DA:65,1
DA:66,0
DA:70,2
DA:71,2
DA:73,2
DA:79,1
DA:82,1
DA:83,1
DA:88,1
DA:90,1
DA:91,0
DA:93,1
DA:94,1
DA:96,1
DA:97,0
DA:99,1
DA:100,0
DA:102,1
DA:103,0
DA:109,2
DA:111,2
DA:113,2
DA:114,1
DA:117,1
DA:118,1
DA:120,1
DA:124,2
DA:125,2
DA:126,2
DA:127,2
LF:65
LH:57
BRDA:15,0,0,1
BRDA:15,0,1,1
BRDA:15,0,2,1
BRDA:15,1,0,1
BRDA:15,1,1,0
BRDA:16,2,0,7
BRDA:16,2,1,0
BRDA:18,3,0,7
BRDA:18,3,1,0
BRDA:18,4,0,7
BRDA:18,4,1,7
BRDA:18,5,0,0
BRDA:18,5,1,7
BRDA:18,6,0,7
BRDA:18,6,1,0
BRDA:23,7,0,0
BRDA:23,7,1,0
BRDA:26,8,0,1
BRDA:26,8,1,1
BRDA:26,8,2,1
BRDA:26,9,0,1
BRDA:26,9,1,0
BRDA:31,10,0,1
BRDA:31,10,1,1
BRDA:31,10,2,1
BRDA:32,11,0,0
BRDA:32,11,1,1
BRDA:32,12,0,1
BRDA:32,12,1,1
BRDA:34,13,0,1
BRDA:34,13,1,0
BRDA:34,14,0,7
BRDA:34,14,1,0
BRDA:34,15,0,7
BRDA:34,15,1,7
BRDA:38,16,0,1
BRDA:38,16,1,1
BRDA:38,16,2,1
BRDA:39,17,0,6
BRDA:39,17,1,0
BRDA:40,18,0,7
BRDA:40,18,1,7
BRDA:43,19,0,7
BRDA:43,19,1,6
BRDA:44,20,0,7
BRDA:44,20,1,7
BRDA:47,21,0,1
BRDA:47,21,1,1
BRDA:47,21,2,1
BRDA:48,22,0,1
BRDA:48,22,1,1
BRDA:48,23,0,2
BRDA:48,23,1,2
BRDA:65,24,0,0
BRDA:65,24,1,1
BRDA:90,25,0,0
BRDA:90,25,1,1
BRDA:90,26,0,1
BRDA:90,26,1,1
BRDA:90,26,2,1
BRDA:93,27,0,1
BRDA:93,27,1,0
BRDA:93,28,0,1
BRDA:93,28,1,0
BRDA:93,28,2,0
BRDA:93,28,3,0
BRDA:93,28,4,0
BRDA:96,29,0,0
BRDA:96,29,1,1
BRDA:96,30,0,1
BRDA:96,30,1,1
BRDA:99,31,0,0
BRDA:99,31,1,1
BRDA:102,32,0,0
BRDA:102,32,1,1
BRDA:102,33,0,1
BRDA:102,33,1,1
BRDA:113,34,0,1
BRDA:113,34,1,1
BRF:79
BRH:57
end_of_record
TN:
SF:out\URLParser.js
FN:13,(anonymous_0)
FN:17,(anonymous_1)
FN:20,(anonymous_2)
FN:24,(anonymous_3)
FN:26,(anonymous_4)
FN:29,(anonymous_5)
FN:36,(anonymous_6)
FN:37,adopt
FN:37,(anonymous_8)
FN:38,(anonymous_9)
FN:39,fulfilled
FN:40,rejected
FN:41,step
FN:45,(anonymous_13)
FN:54,(anonymous_14)
FN:55,(anonymous_15)
FN:60,(anonymous_16)
FN:60,(anonymous_17)
FN:62,(anonymous_18)
FNF:19
FNH:10
FNDA:208,(anonymous_0)
FNDA:2,(anonymous_1)
FNDA:0,(anonymous_2)
FNDA:2,(anonymous_3)
FNDA:0,(anonymous_4)
FNDA:2,(anonymous_5)
FNDA:2,(anonymous_6)
FNDA:0,adopt
FNDA:0,(anonymous_8)
FNDA:2,(anonymous_9)
FNDA:0,fulfilled
FNDA:0,rejected
FNDA:2,step
FNDA:2,(anonymous_13)
FNDA:2,(anonymous_14)
FNDA:2,(anonymous_15)
FNDA:0,(anonymous_16)
FNDA:0,(anonymous_17)
FNDA:0,(anonymous_18)
DA:13,2
DA:14,208
DA:15,208
DA:16,208
DA:17,198
DA:19,208
DA:21,0
DA:22,0
DA:24,2
DA:25,2
DA:27,0
DA:29,2
DA:30,2
DA:31,2
DA:32,208
DA:33,2
DA:34,2
DA:36,2
DA:37,0
DA:38,2
DA:39,0
DA:40,0
DA:41,2
DA:42,2
DA:45,2
DA:46,2
DA:48,2
DA:49,2
DA:50,2
DA:51,2
DA:55,2
DA:56,2
DA:58,2
DA:60,0
DA:62,0
DA:63,0
DA:67,2
DA:68,2
DA:73,2
LF:39
LH:30
BRDA:13,0,0,2
BRDA:13,0,1,2
BRDA:13,0,2,2
BRDA:13,1,0,2
BRDA:13,1,1,0
BRDA:14,2,0,208
BRDA:14,2,1,0
BRDA:16,3,0,198
BRDA:16,3,1,10
BRDA:16,4,0,208
BRDA:16,4,1,208
BRDA:16,5,0,16
BRDA:16,5,1,192
BRDA:16,6,0,192
BRDA:16,6,1,10
BRDA:21,7,0,0
BRDA:21,7,1,0
BRDA:24,8,0,2
BRDA:24,8,1,2
BRDA:24,8,2,2
BRDA:24,9,0,2
BRDA:24,9,1,0
BRDA:29,10,0,2
BRDA:29,10,1,2
BRDA:29,10,2,2
BRDA:30,11,0,0
BRDA:30,11,1,2
BRDA:30,12,0,2
BRDA:30,12,1,2
BRDA:32,13,0,2
BRDA:32,13,1,0
BRDA:32,14,0,208
BRDA:32,14,1,0
BRDA:32,15,0,208
BRDA:32,15,1,208
BRDA:36,16,0,2
BRDA:36,16,1,2
BRDA:36,16,2,2
BRDA:37,17,0,0
BRDA:37,17,1,0
BRDA:38,18,0,2
BRDA:38,18,1,2
BRDA:41,19,0,2
BRDA:41,19,1,0
BRDA:42,20,0,2
BRDA:42,20,1,2
BRDA:45,21,0,2
BRDA:45,21,1,2
BRDA:45,21,2,2
BRDA:46,22,0,2
BRDA:46,22,1,0
BRDA:46,23,0,2
BRDA:46,23,1,2
BRF:53
BRH:41
end_of_record
TN:
SF:src\BusFactor.ts
FN:35,getCommits
FN:62,(anonymous_10)
FN:87,calculateBusFactor
FN:94,getBusFactor
FNF:4
FNH:4
FNDA:2,getCommits
FNDA:100,(anonymous_10)
FNDA:1,calculateBusFactor
FNDA:2,getBusFactor
DA:17,1
DA:18,1
DA:19,1
DA:20,1
DA:23,1
DA:26,1
DA:28,1
DA:29,1
DA:31,1
DA:36,2
DA:37,2
DA:38,2
DA:41,2
DA:42,2
DA:56,1
DA:59,1
DA:62,1
DA:63,100
DA:64,100
DA:69,1
DA:71,0
DA:74,1
DA:78,1
DA:79,1
DA:80,1
DA:88,1
DA:94,1
DA:95,2
DA:97,2
DA:99,1
DA:103,1
DA:106,1
LF:32
LH:31
BRDA:59,0,0,0
BRDA:63,1,0,100
BRDA:63,2,0,100
BRDA:63,2,1,100
BRDA:69,3,0,1
BRDA:97,4,0,1
BRF:6
BRH:5
end_of_record
TN:
SF:src\Logger.ts
FN:12,(anonymous_6)
FNF:1
FNH:1
FNDA:6,(anonymous_6)
DA:1,3
DA:2,3
DA:4,3
DA:6,3
DA:8,3
DA:13,6
DA:21,3
LF:7
LH:7
BRDA:6,0,0,3
BRDA:6,0,1,0
BRF:2
BRH:1
end_of_record
TN:
SF:src\RampUpMetric.ts
FN:39,getReadme
FN:67,analyzeReadme
FN:106,analyzeReadmeContent
FN:126,displayRampupScore
FNF:4
FNH:4
FNDA:2,getReadme
FNDA:1,analyzeReadme
FNDA:2,analyzeReadmeContent
FNDA:2,displayRampupScore
DA:16,1
DA:17,1
DA:18,1
DA:22,1
DA:25,1
DA:28,1
DA:31,1
DA:34,1
DA:35,0
DA:40,2
DA:42,2
DA:54,1
DA:60,1
DA:61,1
DA:70,1
DA:72,0
DA:76,1
DA:78,1
DA:82,1
DA:84,0
DA:88,1
DA:90,0
DA:94,1
DA:96,0
DA:109,2
DA:112,2
DA:113,1
DA:117,1
DA:118,1
DA:122,1
DA:126,1
DA:128,2
DA:130,2
DA:132,2
LF:34
LH:29
BRDA:34,0,0,0
BRDA:70,1,0,0
BRDA:70,2,0,1
BRDA:70,2,1,1
BRDA:70,2,2,1
BRDA:76,3,0,1
BRDA:76,4,0,1
BRDA:76,4,1,0
BRDA:76,4,2,0
BRDA:76,4,3,0
BRDA:76,4,4,0
BRDA:82,5,0,0
BRDA:82,6,0,1
BRDA:82,6,1,1
BRDA:88,7,0,0
BRDA:94,8,0,0
BRDA:94,9,0,1
BRDA:94,9,1,1
BRDA:112,10,0,1
BRF:19
BRH:10
end_of_record
TN:
SF:src\URLParser.ts
FN:19,(anonymous_14)
FN:25,(anonymous_16)
FN:25,(anonymous_17)
FN:28,(anonymous_18)
FNF:4
FNH:1
FNDA:1,(anonymous_14)
FNDA:0,(anonymous_16)
FNDA:0,(anonymous_17)
FNDA:0,(anonymous_18)
DA:13,1
DA:14,1
DA:16,1
DA:20,1
DA:22,1
DA:25,0
DA:28,0
DA:29,0
DA:33,1
DA:34,1
LF:10
LH:7
BRF:0
BRH:0
end_of_record
